<?xml version="1.0" encoding="UTF-8"?>
<!-- Generated by org.testng.reporters.JUnitReportReporter -->
<testsuite skipped="0" hostname="ip-172-31-40-53" name="GoogleSearch" tests="1" failures="0" timestamp="24 Jun 2020 16:48:11 GMT" time="13.498" errors="0">
  <testcase name="GoogleSearch" time="13.498" classname="GoogleSearch"/>
</testsuite> <!-- GoogleSearch -->
