<?xml version="1.0" encoding="UTF-8"?>
<!-- Generated by org.testng.reporters.JUnitReportReporter -->
<testsuite skipped="0" hostname="ip-172-31-18-173" name="GoogleSearch" tests="1" failures="0" timestamp="26 Jun 2020 09:17:19 GMT" time="7.349" errors="0">
  <testcase name="GoogleSearch" time="7.349" classname="GoogleSearch"/>
</testsuite> <!-- GoogleSearch -->
