<?xml version="1.0" encoding="UTF-8"?>
<!-- Generated by org.testng.reporters.JUnitReportReporter -->
<testsuite skipped="0" hostname="DESKTOP-7HNKN0S" name="GoogleSearch" tests="1" failures="0" timestamp="01 Jun 2020 11:27:03 GMT" time="12.574" errors="0">
  <testcase name="GoogleSearch" time="12.574" classname="GoogleSearch"/>
</testsuite> <!-- GoogleSearch -->
